<?xml version="1.0" encoding="UTF-8"?>
<coverage generated="1748785593654" clover="3.2.0">
  <project timestamp="1748785593654" name="All files">
    <metrics statements="25" coveredstatements="24" conditionals="8" coveredconditionals="5" methods="6" coveredmethods="6" elements="39" coveredelements="35" complexity="0" loc="25" ncloc="25" packages="1" files="1" classes="1"/>
    <file name="notes.js" path="E:\Work\Politeh\2_year_2_semester\Web\note-app\js\notes.js">
      <metrics statements="25" coveredstatements="24" conditionals="8" coveredconditionals="5" methods="6" coveredmethods="6"/>
      <line num="1" count="1" type="stmt"/>
      <line num="4" count="2" type="stmt"/>
      <line num="5" count="2" type="stmt"/>
      <line num="6" count="2" type="cond" truecount="1" falsecount="1"/>
      <line num="8" count="0" type="stmt"/>
      <line num="13" count="2" type="stmt"/>
      <line num="17" count="6" type="stmt"/>
      <line num="18" count="6" type="stmt"/>
      <line num="20" count="6" type="cond" truecount="2" falsecount="0"/>
      <line num="21" count="1" type="stmt"/>
      <line num="22" count="1" type="stmt"/>
      <line num="25" count="5" type="stmt"/>
      <line num="26" count="7" type="stmt"/>
      <line num="27" count="7" type="stmt"/>
      <line num="33" count="7" type="stmt"/>
      <line num="38" count="1" type="stmt"/>
      <line num="39" count="1" type="stmt"/>
      <line num="40" count="1" type="stmt"/>
      <line num="44" count="1" type="stmt"/>
      <line num="45" count="1" type="cond" truecount="1" falsecount="1"/>
      <line num="46" count="1" type="stmt"/>
      <line num="47" count="1" type="stmt"/>
      <line num="48" count="1" type="stmt"/>
      <line num="52" count="1" type="cond" truecount="1" falsecount="1"/>
      <line num="53" count="1" type="stmt"/>
    </file>
  </project>
</coverage>
