{"E:\\Work\\Politeh\\2_year_2_semester\\Web\\note-app\\js\\notes.js": {"path":"E:\\Work\\Politeh\\2_year_2_semester\\Web\\note-app\\js\\notes.js","statementMap":{"0":{"start":{"line":1,"column":14},"end":{"line":1,"column":29}},"1":{"start":{"line":4,"column":22},"end":{"line":4,"column":51}},"2":{"start":{"line":5,"column":4},"end":{"line":9,"column":5}},"3":{"start":{"line":6,"column":8},"end":{"line":6,"column":54}},"4":{"start":{"line":8,"column":8},"end":{"line":8,"column":18}},"5":{"start":{"line":13,"column":4},"end":{"line":13,"column":57}},"6":{"start":{"line":17,"column":27},"end":{"line":17,"column":63}},"7":{"start":{"line":18,"column":4},"end":{"line":18,"column":34}},"8":{"start":{"line":20,"column":4},"end":{"line":23,"column":5}},"9":{"start":{"line":21,"column":8},"end":{"line":21,"column":69}},"10":{"start":{"line":22,"column":8},"end":{"line":22,"column":15}},"11":{"start":{"line":25,"column":4},"end":{"line":34,"column":7}},"12":{"start":{"line":26,"column":23},"end":{"line":26,"column":52}},"13":{"start":{"line":27,"column":8},"end":{"line":32,"column":10}},"14":{"start":{"line":33,"column":8},"end":{"line":33,"column":43}},"15":{"start":{"line":38,"column":4},"end":{"line":38,"column":27}},"16":{"start":{"line":39,"column":4},"end":{"line":39,"column":16}},"17":{"start":{"line":40,"column":4},"end":{"line":40,"column":18}},"18":{"start":{"line":44,"column":20},"end":{"line":44,"column":64}},"19":{"start":{"line":45,"column":4},"end":{"line":49,"column":5}},"20":{"start":{"line":46,"column":8},"end":{"line":46,"column":36}},"21":{"start":{"line":47,"column":8},"end":{"line":47,"column":20}},"22":{"start":{"line":48,"column":8},"end":{"line":48,"column":22}},"23":{"start":{"line":52,"column":0},"end":{"line":60,"column":1}},"24":{"start":{"line":53,"column":4},"end":{"line":59,"column":6}}},"fnMap":{"0":{"name":"getSavedNotes","decl":{"start":{"line":3,"column":9},"end":{"line":3,"column":22}},"loc":{"start":{"line":3,"column":25},"end":{"line":10,"column":1}},"line":3},"1":{"name":"saveNotes","decl":{"start":{"line":12,"column":9},"end":{"line":12,"column":18}},"loc":{"start":{"line":12,"column":21},"end":{"line":14,"column":1}},"line":12},"2":{"name":"renderNotes","decl":{"start":{"line":16,"column":9},"end":{"line":16,"column":20}},"loc":{"start":{"line":16,"column":23},"end":{"line":35,"column":1}},"line":16},"3":{"name":"(anonymous_3)","decl":{"start":{"line":25,"column":18},"end":{"line":25,"column":19}},"loc":{"start":{"line":25,"column":35},"end":{"line":34,"column":5}},"line":25},"4":{"name":"deleteNote","decl":{"start":{"line":37,"column":9},"end":{"line":37,"column":19}},"loc":{"start":{"line":37,"column":27},"end":{"line":41,"column":1}},"line":37},"5":{"name":"editNote","decl":{"start":{"line":43,"column":9},"end":{"line":43,"column":17}},"loc":{"start":{"line":43,"column":25},"end":{"line":50,"column":1}},"line":43}},"branchMap":{"0":{"loc":{"start":{"line":6,"column":15},"end":{"line":6,"column":53}},"type":"cond-expr","locations":[{"start":{"line":6,"column":27},"end":{"line":6,"column":48}},{"start":{"line":6,"column":51},"end":{"line":6,"column":53}}],"line":6},"1":{"loc":{"start":{"line":20,"column":4},"end":{"line":23,"column":5}},"type":"if","locations":[{"start":{"line":20,"column":4},"end":{"line":23,"column":5}},{"start":{},"end":{}}],"line":20},"2":{"loc":{"start":{"line":45,"column":4},"end":{"line":49,"column":5}},"type":"if","locations":[{"start":{"line":45,"column":4},"end":{"line":49,"column":5}},{"start":{},"end":{}}],"line":45},"3":{"loc":{"start":{"line":52,"column":0},"end":{"line":60,"column":1}},"type":"if","locations":[{"start":{"line":52,"column":0},"end":{"line":60,"column":1}},{"start":{},"end":{}}],"line":52}},"s":{"0":1,"1":2,"2":2,"3":2,"4":0,"5":2,"6":6,"7":6,"8":6,"9":1,"10":1,"11":5,"12":7,"13":7,"14":7,"15":1,"16":1,"17":1,"18":1,"19":1,"20":1,"21":1,"22":1,"23":1,"24":1},"f":{"0":2,"1":2,"2":6,"3":7,"4":1,"5":1},"b":{"0":[0,2],"1":[1,5],"2":[1,0],"3":[1,0]},"_coverageSchema":"1a1c01bbd47fc00a2c39e90264f33305004495a9","hash":"f1c7e953d03e14bfae867be16eb2da5ecc02c262"}
}
