TN:
SF:js\notes.js
FN:3,getSavedNotes
FN:12,saveNotes
FN:16,renderNotes
FN:25,(anonymous_3)
FN:37,deleteNote
FN:43,editNote
FNF:6
FNH:6
FNDA:2,getSavedNotes
FNDA:2,saveNotes
FNDA:6,renderNotes
FNDA:7,(anonymous_3)
FNDA:1,deleteNote
FNDA:1,editNote
DA:1,1
DA:4,2
DA:5,2
DA:6,2
DA:8,0
DA:13,2
DA:17,6
DA:18,6
DA:20,6
DA:21,1
DA:22,1
DA:25,5
DA:26,7
DA:27,7
DA:33,7
DA:38,1
DA:39,1
DA:40,1
DA:44,1
DA:45,1
DA:46,1
DA:47,1
DA:48,1
DA:52,1
DA:53,1
LF:25
LH:24
BRDA:6,0,0,0
BRDA:6,0,1,2
BRDA:20,1,0,1
BRDA:20,1,1,5
BRDA:45,2,0,1
BRDA:45,2,1,0
BRDA:52,3,0,1
BRDA:52,3,1,0
BRF:8
BRH:5
end_of_record
